<?xml version="1.0" encoding="UTF-8"?>
<!-- Generated by org.testng.reporters.JUnitReportReporter -->
<testsuite hostname="LAPTOP-GI19UFH7" failures="0" tests="3" name="www.ictak.learnerTestclass.LTPlacementOfficer_TestClass" time="34.310" errors="0" timestamp="2023-10-04T20:55:29 IST" skipped="0">
  <testcase classname="www.ictak.learnerTestclass.LTPlacementOfficer_TestClass" name="verifyValidPofficerLogin" time="10.546"/>
  <testcase classname="www.ictak.learnerTestclass.LTPlacementOfficer_TestClass" name="UpdatePlacementStatus" time="13.200"/>
  <testcase classname="www.ictak.learnerTestclass.LTPlacementOfficer_TestClass" name="Pofficer_dashboardButton" time="10.564"/>
</testsuite> <!-- www.ictak.learnerTestclass.LTPlacementOfficer_TestClass -->
