<?xml version="1.0" encoding="UTF-8"?>
<!-- Generated by org.testng.reporters.JUnitReportReporter -->
<testsuite hostname="LAPTOP-GI19UFH7" failures="0" tests="1" name="www.ictak.learnerTestclass.LearnerTrackerTestClass" time="2.921" errors="0" timestamp="2023-09-27T13:12:26 IST" skipped="0">
  <testcase classname="www.ictak.learnerTestclass.LearnerTrackerTestClass" name="verifyValidLogin" time="2.921"/>
</testsuite> <!-- www.ictak.learnerTestclass.LearnerTrackerTestClass -->
