<?xml version="1.0" encoding="UTF-8"?>
<!-- Generated by org.testng.reporters.JUnitReportReporter -->
<testsuite hostname="LAPTOP-GI19UFH7" failures="0" tests="2" name="www.ictak.learnerTestclass.LearnerTracker_loginvalid_TestClass" time="2.896" errors="0" timestamp="2023-09-27T13:37:37 IST" skipped="0">
  <testcase classname="www.ictak.learnerTestclass.LearnerTracker_loginvalid_TestClass" name="verifyInValidLogin" time="2.048"/>
  <testcase classname="www.ictak.learnerTestclass.LearnerTracker_loginvalid_TestClass" name="InValidLogin" time="0.848"/>
</testsuite> <!-- www.ictak.learnerTestclass.LearnerTracker_loginvalid_TestClass -->
