<?xml version="1.0" encoding="UTF-8"?>
<!-- Generated by org.testng.reporters.JUnitReportReporter -->
<testsuite hostname="LAPTOP-GI19UFH7" failures="0" tests="2" name="www.ictak.learnerTestclass.LTTrainer_EditDelete_TestClass" time="34.213" errors="0" timestamp="2023-10-04T22:42:32 IST" skipped="0">
  <testcase classname="www.ictak.learnerTestclass.LTTrainer_EditDelete_TestClass" name="trainer1_learneredit" time="20.564"/>
  <testcase classname="www.ictak.learnerTestclass.LTTrainer_EditDelete_TestClass" name="trainer_learnerdelete" time="13.649"/>
</testsuite> <!-- www.ictak.learnerTestclass.LTTrainer_EditDelete_TestClass -->
