<?xml version="1.0" encoding="UTF-8"?>
<!-- Generated by org.testng.reporters.JUnitReportReporter -->
<testsuite hostname="LAPTOP-GI19UFH7" failures="0" tests="2" name="www.ictak.learnerTestclass.LearnerBlankTC_TestClass" time="21.714" errors="0" timestamp="2023-10-01T20:00:03 IST" skipped="0">
  <testcase classname="www.ictak.learnerTestclass.LearnerBlankTC_TestClass" name="verifyValidTrainerLogin" time="10.329"/>
  <testcase classname="www.ictak.learnerTestclass.LearnerBlankTC_TestClass" name="addLearners" time="11.385"/>
</testsuite> <!-- www.ictak.learnerTestclass.LearnerBlankTC_TestClass -->
