<?xml version="1.0" encoding="UTF-8"?>
<!-- Generated by org.testng.reporters.JUnitReportReporter -->
<testsuite hostname="LAPTOP-GI19UFH7" failures="0" tests="2" name="www.ictak.learnerTestclass.LTAdmin_UpdateDeleteUser_TestClass" time="32.215" errors="0" timestamp="2023-10-04T21:15:05 IST" skipped="0">
  <testcase classname="www.ictak.learnerTestclass.LTAdmin_UpdateDeleteUser_TestClass" name="admin1_ValidLogin" time="19.001"/>
  <testcase classname="www.ictak.learnerTestclass.LTAdmin_UpdateDeleteUser_TestClass" name="admin_ValidLogin" time="13.214"/>
</testsuite> <!-- www.ictak.learnerTestclass.LTAdmin_UpdateDeleteUser_TestClass -->
