<?xml version="1.0" encoding="UTF-8"?>
<!-- Generated by org.testng.reporters.JUnitReportReporter -->
<testsuite hostname="LAPTOP-GI19UFH7" failures="0" tests="1" name="www.ictak.learnerTestclass.LearnerTracker_loginTestClass" time="12.831" errors="0" timestamp="2023-10-02T00:55:00 IST" skipped="0">
  <testcase classname="www.ictak.learnerTestclass.LearnerTracker_loginTestClass" name="verifyValidLogin" time="12.831"/>
</testsuite> <!-- www.ictak.learnerTestclass.LearnerTracker_loginTestClass -->
