<?xml version="1.0" encoding="UTF-8"?>
<!-- Generated by org.testng.reporters.JUnitReportReporter -->
<testsuite hostname="LAPTOP-GI19UFH7" failures="0" tests="8" name="www.ictak.learnerTestclass.LearnerTrackerTC_TestClass" time="83.734" errors="0" timestamp="2023-10-04T13:37:30 IST" skipped="0">
  <testcase classname="www.ictak.learnerTestclass.LearnerTrackerTC_TestClass" name="admin1_ValidLogin" time="8.281"/>
  <testcase classname="www.ictak.learnerTestclass.LearnerTrackerTC_TestClass" name="verifyValidTrainerLogin" time="6.213"/>
  <testcase classname="www.ictak.learnerTestclass.LearnerTrackerTC_TestClass" name="verifyValidPofficerLogin" time="6.374"/>
  <testcase classname="www.ictak.learnerTestclass.LearnerTrackerTC_TestClass" name="adminlogin" time="11.104"/>
  <testcase classname="www.ictak.learnerTestclass.LearnerTrackerTC_TestClass" name="trainerlogin" time="13.998"/>
  <testcase classname="www.ictak.learnerTestclass.LearnerTrackerTC_TestClass" name="placementofficerlogin" time="12.537"/>
  <testcase classname="www.ictak.learnerTestclass.LearnerTrackerTC_TestClass" name="admin_dashboardbutton" time="12.614"/>
  <testcase classname="www.ictak.learnerTestclass.LearnerTrackerTC_TestClass" name="trainer_dashboardbutton" time="12.613"/>
</testsuite> <!-- www.ictak.learnerTestclass.LearnerTrackerTC_TestClass -->
